<?xml version="1.0" encoding="UTF-8"?>
<!-- Generated by org.testng.reporters.JUnitXMLReporter -->
<testsuite ignored="0" hostname="DESKTOP-NG0PGDE" failures="0" tests="2" name="NewTour Flight booking" time="77.083" errors="0" timestamp="2022-11-06T20:37:20 GMT-05:00">
  <testcase classname="com.newTour.testCases.TC_LoginTest_001" name="loginTest" time="14.235"/>
  <testcase classname="com.newTour.testCases.TC_FlightFind" name="addNewCustomer" time="32.512"/>
</testsuite> <!-- NewTour Flight booking -->
